<?xml version="1.0" encoding="UTF-8"?>
<!-- Generated by org.testng.reporters.JUnitXMLReporter -->
<testsuite ignored="0" hostname="kemas" failures="0" tests="6" name="Automation Test" time="43.464" errors="0" timestamp="2022-11-18T17:44:47 IST">
  <testcase classname="com.mohs10.scripts.HomeTest" name="LoginPageTestCase" time="9.824"/>
  <testcase classname="com.mohs10.scripts.HomeTest" name="GotoDashboard" time="5.4"/>
  <testcase classname="com.mohs10.scripts.HomeTest" name="PhcUser_TestCase" time="6.976"/>
  <testcase classname="com.mohs10.scripts.HomeTest" name="ListHealthSeeker_TestCase" time="7.168"/>
  <testcase classname="com.mohs10.scripts.HomeTest" name="Preg_mother_TestCase" time="8.598"/>
  <testcase classname="com.mohs10.Report.PDFReportTest" name="pdf" time="0.985"/>
</testsuite> <!-- Automation Test -->
